Build started 2011/7/5 16:09:37.
     1>Project "F:\Users\Kong\Desktop\Project1\SkeletonCode\MazeViewer.vcxproj" on node 2 (build target(s)).
     1>InitializeBuildStatus:
         Creating "Release\MazeViewer.unsuccessfulbuild" because "AlwaysCreate" was specified.
       ClCompile:
         F:\Program Files\Microsoft Visual Studio 10.0\VC\bin\CL.exe /c /Zi /nologo /W1 /WX- /O2 /Oy- /Gm- /EHsc /MD /GS /fp:precise /Zc:wchar_t /Zc:forScope /Fo"Release\\" /Fd"Release\vc100.pdb" /Gd /TP /analyze- /errorReport:prompt SoftwareRenderer\FrameBuffer.cpp SoftwareRenderer\mainMaze.cpp SoftwareRenderer\mouse.cpp SoftwareRenderer\OpenGL.cpp SoftwareRenderer\Parser.cpp SoftwareRenderer\Scene.cpp SoftwareRenderer\Texture.cpp SoftwareRenderer\Triangle.cpp
         FrameBuffer.cpp
         mainMaze.cpp
         mouse.cpp
         OpenGL.cpp
         Parser.cpp
         Scene.cpp
         Texture.cpp
         Triangle.cpp
         Generating Code...
       Link:
         F:\Program Files\Microsoft Visual Studio 10.0\VC\bin\link.exe /ERRORREPORT:PROMPT /OUT:"F:\Users\Kong\Desktop\Project1\SkeletonCode\Release\MazeViewer.exe" /NOLOGO kernel32.lib user32.lib gdi32.lib winspool.lib comdlg32.lib advapi32.lib shell32.lib ole32.lib oleaut32.lib uuid.lib odbc32.lib odbccp32.lib /MANIFEST /ManifestFile:"Release\MazeViewer.exe.intermediate.manifest" /MANIFESTUAC:"level='asInvoker' uiAccess='false'" /PDB:"F:\Users\Kong\Desktop\Project1\SkeletonCode\Release\MazeViewer.pdb" /TLBID:1 /DYNAMICBASE /NXCOMPAT /IMPLIB:"F:\Users\Kong\Desktop\Project1\SkeletonCode\Release\MazeViewer.lib" /MACHINE:X86 Release\FrameBuffer.obj
         Release\mainMaze.obj
         Release\mouse.obj
         Release\OpenGL.obj
         Release\Parser.obj
         Release\Scene.obj
         Release\Texture.obj
         Release\Triangle.obj
         MazeViewer.vcxproj -> F:\Users\Kong\Desktop\Project1\SkeletonCode\Release\MazeViewer.exe
       Manifest:
         F:\Program Files\Microsoft SDKs\Windows\v7.0A\bin\mt.exe /nologo /verbose /outputresource:"F:\Users\Kong\Desktop\Project1\SkeletonCode\Release\MazeViewer.exe;#1" /manifest Release\MazeViewer.exe.intermediate.manifest
       FinalizeBuildStatus:
         Deleting file "Release\MazeViewer.unsuccessfulbuild".
         Touching "Release\MazeViewer.lastbuildstate".
     1>Done Building Project "F:\Users\Kong\Desktop\Project1\SkeletonCode\MazeViewer.vcxproj" (build target(s)).

Build succeeded.

Time Elapsed 00:00:14.67
